<?xml version="1.0" encoding="UTF-8"?>
<!-- Generated by org.testng.reporters.JUnitXMLReporter -->
<testsuite hostname="DESKTOP-5J46QLU" ignored="0" name="Test" tests="3" failures="1" timestamp="04 May 2020 19:59:57 GMT" time="73.559" errors="0">
  <testcase name="execute" time="6.804" classname="testScripts.Contact.CRM_R_1_1_Verify_Contact_Page">
    <failure type="java.lang.AssertionError" message="Expected Message is not shown expected [false] but found [true]">
      <![CDATA[java.lang.AssertionError: Expected Message is not shown expected [false] but found [true]
at testScripts.Contact.CRM_R_1_1_Verify_Contact_Page.execute(CRM_R_1_1_Verify_Contact_Page.java:34)
... Removed 28 stack frames]]>
    </failure>
  </testcase> <!-- execute -->
  <testcase name="execute" time="9.62" classname="testScripts.login.CRM_R_1_0_Verify_Login_Credential"/>
  <testcase name="executeTest" time="16.779" classname="testScripts.Contact.CRM_R_1_0_Enter_Contact_Details"/>
</testsuite> <!-- Test -->
