<?xml version="1.0" encoding="UTF-8"?>
<!-- Generated by org.testng.reporters.JUnitXMLReporter -->
<testsuite hostname="DESKTOP-5J46QLU" ignored="0" name="Free crm application test" tests="2" failures="0" timestamp="19 Apr 2020 18:34:13 GMT" time="66.946" errors="0">
  <testcase name="executeTest" time="16.351" classname="testScripts.Contact.CRM_R_1_0_Enter_Contact_Details"/>
  <testcase name="execute" time="20.064" classname="testScripts.Contact.verifyContactPage"/>
</testsuite> <!-- Free crm application test -->
